\BOOKMARK [1][-]{section*.5}{\376\377\000\040\000D\000A\000N\000H\000\040\000M\036\344\000C\000\040\000T\036\352\000\040\000V\000I\036\276\000T\000\040\000T\036\256\000T}{}% 1
\BOOKMARK [1][-]{section*.6}{\376\377\000\040\000D\000A\000N\000H\000\040\000M\036\344\000C\000\040\000T\000H\000U\036\254\000T\000\040\000N\000G\036\356}{}% 2
\BOOKMARK [0][-]{chapter.1}{\376\377\000G\000I\036\332\000I\000\040\000T\000H\000I\036\306\000U\000\040\001\020\036\300\000\040\000T\000\300\000I}{}% 3
\BOOKMARK [1][-]{section.1.1}{\376\377\001\020\036\267\000t\000\040\000v\036\245\000n\000\040\001\021\036\301}{chapter.1}% 4
\BOOKMARK [1][-]{section.1.2}{\376\377\000M\036\345\000c\000\040\000t\000i\000\352\000u\000\040\000v\000\340\000\040\000p\000h\036\241\000m\000\040\000v\000i\000\040\001\021\036\301\000\040\000t\000\340\000i}{chapter.1}% 5
\BOOKMARK [1][-]{section.1.3}{\376\377\001\020\036\313\000n\000h\000\040\000h\001\260\036\333\000n\000g\000\040\000g\000i\036\243\000i\000\040\000p\000h\000\341\000p}{chapter.1}% 6
\BOOKMARK [1][-]{section.1.4}{\376\377\000B\036\321\000\040\000c\036\345\000c\000\040\001\021\036\323\000\040\000\341\000n}{chapter.1}% 7
\BOOKMARK [0][-]{chapter.2}{\376\377\000K\000H\036\242\000O\000\040\000S\000\301\000T\000\040\000V\000\300\000\040\000P\000H\000\302\000N\000\040\000T\000\315\000C\000H\000\040\000Y\000\312\000U\000\040\000C\036\246\000U}{}% 8
\BOOKMARK [1][-]{section.2.1}{\376\377\000K\000h\036\243\000o\000\040\000s\000\341\000t\000\040\000h\000i\036\307\000n\000\040\000t\000r\036\241\000n\000g\000\040\000v\000\340\000\040\001\021\000\341\000n\000h\000\040\000g\000i\000\341\000\040\000s\036\243\000n\000\040\000p\000h\036\251\000m\000\040\000t\001\260\001\241\000n\000g\000\040\000t\036\361}{chapter.2}% 9
\BOOKMARK [1][-]{section.2.2}{\376\377\000M\036\345\000c\000\040\001\021\000\355\000c\000h\000\040\000c\036\347\000a\000\040\000t\000r\000\362\000\040\000c\000h\001\241\000i}{chapter.2}% 10
\BOOKMARK [1][-]{section.2.3}{\376\377\001\020\036\313\000n\000h\000\040\000h\001\260\036\333\000n\000g\000\040\000s\036\355\000\040\000d\036\345\000n\000g}{chapter.2}% 11
\BOOKMARK [1][-]{section.2.4}{\376\377\000C\001\241\000\040\000s\036\337\000\040\000c\036\347\000a\000\040\001\021\036\313\000n\000h\000\040\000h\001\260\036\333\000n\000g\000\040\000s\036\355\000\040\000d\036\345\000n\000g}{chapter.2}% 12
\BOOKMARK [0][-]{chapter.3}{\376\377\000N\036\300\000N\000\040\000T\036\242\000N\000G\000\040\000L\000\335\000\040\000T\000H\000U\000Y\036\276\000T\000\040\000V\000\300\000\040\000C\000\324\000N\000G\000\040\000N\000G\000H\036\306\000\040\000S\036\354\000\040\000D\036\344\000N\000G}{}% 13
\BOOKMARK [1][-]{section.3.1}{\376\377\000N\036\301\000n\000\040\000t\036\243\000n\000g\000\040\000p\000h\000\341\000t\000\040\000t\000r\000i\036\303\000n\000\040\000U\000n\000r\000e\000a\000l\000\040\000E\000n\000g\000i\000n\000e\000\040\0005\000.\0006}{chapter.3}% 14
\BOOKMARK [2][-]{subsection.3.1.1}{\376\377\000C\000h\000i\036\277\000u\000\040\000s\000\341\000n\000g\000\040\000t\000o\000\340\000n\000\040\000c\036\345\000c\000\040\000v\036\333\000i\000\040\000L\000u\000m\000e\000n}{section.3.1}% 15
\BOOKMARK [2][-]{subsection.3.1.2}{\376\377\000T\000r\000\355\000\040\000t\000u\036\307\000\040\000n\000h\000\342\000n\000\040\000t\036\241\000o\000\040\000q\000u\000a\000\040\000C\000\342\000y\000\040\000h\000\340\000n\000h\000\040\000v\000i\000\040\000\050\000B\000e\000h\000a\000v\000i\000o\000r\000\040\000T\000r\000e\000e\000\051}{section.3.1}% 16
\BOOKMARK [1][-]{section.3.2}{\376\377\000H\036\307\000\040\000t\000h\036\321\000n\000g\000\040\000k\000i\036\303\000m\000\040\000s\000o\000\341\000t\000\040\000p\000h\000i\000\352\000n\000\040\000b\036\243\000n\000\040\000P\000e\000r\000f\000o\000r\000c\000e\000\040\000H\000e\000l\000i\000x\000\040\000C\000o\000r\000e\000\040\000\050\000P\0004\000V\000\051}{chapter.3}% 17
\BOOKMARK [2][-]{subsection.3.2.1}{\376\377\000C\000\341\000c\000\040\000n\036\301\000n\000\040\000t\036\243\000n\000g\000\040\000t\000h\000a\000y\000\040\000t\000h\036\277}{section.3.2}% 18
\BOOKMARK [2][-]{subsection.3.2.2}{\376\377\000L\000\375\000\040\000d\000o\000\040\000s\036\355\000\040\000d\036\345\000n\000g\000\040\000P\000e\000r\000f\000o\000r\000c\000e\000\040\000\050\000P\0004\000V\000\051}{section.3.2}% 19
\BOOKMARK [0][-]{chapter.4}{\376\377\000T\000H\000I\036\276\000T\000\040\000K\036\276\000\040\000T\000R\000\322\000\040\000C\000H\001\240\000I}{}% 20
\BOOKMARK [1][-]{section.4.1}{\376\377\000T\036\325\000n\000g\000\040\000q\000u\000a\000n\000\040\000t\000r\000\362\000\040\000c\000h\001\241\000i}{chapter.4}% 21
\BOOKMARK [1][-]{section.4.2}{\376\377\000L\036\321\000i\000\040\000c\000h\001\241\000i}{chapter.4}% 22
\BOOKMARK [1][-]{section.4.3}{\376\377\000C\001\241\000\040\000c\000h\036\277\000\040\000c\036\347\000a\000\040\000t\000r\000\362\000\040\000c\000h\001\241\000i}{chapter.4}% 23
\BOOKMARK [2][-]{subsection.4.3.1}{\376\377\000L\000u\036\255\000t}{section.4.3}% 24
\BOOKMARK [2][-]{subsection.4.3.2}{\376\377\000M\000\364\000\040\000h\000\354\000n\000h\000\040\000t\000h\036\277\000\040\000g\000i\036\333\000i}{section.4.3}% 25
\BOOKMARK [2][-]{subsection.4.3.3}{\376\377\000C\000\341\000c\000\040\000h\000\340\000n\000h\000\040\001\021\036\331\000n\000g\000\040\000c\036\347\000a\000\040\000n\000h\000\342\000n\000\040\000v\036\255\000t}{section.4.3}% 26
\BOOKMARK [2][-]{subsection.4.3.4}{\376\377\000C\000\341\000c\000\040\000t\000\371\000y\000\040\000c\000h\036\315\000n\000\040\000t\000r\000\362\000\040\000c\000h\001\241\000i}{section.4.3}% 27
\BOOKMARK [2][-]{subsection.4.3.5}{\376\377\000P\000h\036\243\000n\000\040\000h\036\323\000i\000\040\000c\000h\000o\000\040\000n\000g\001\260\036\335\000i\000\040\000c\000h\001\241\000i}{section.4.3}% 28
\BOOKMARK [1][-]{section.4.4}{\376\377\001\020\000i\036\301\000u\000\040\000k\000h\000i\036\303\000n}{chapter.4}% 29
\BOOKMARK [1][-]{section.4.5}{\376\377\000C\036\321\000t\000\040\000t\000r\000u\000y\036\307\000n}{chapter.4}% 30
\BOOKMARK [1][-]{section.4.6}{\376\377\000N\000h\000\342\000n\000\040\000v\036\255\000t\000\040\000v\000\340\000\040\000k\036\273\000\040\001\021\036\313\000c\000h}{chapter.4}% 31
\BOOKMARK [1][-]{section.4.7}{\376\377\000M\000\340\000n\000\040\000c\000h\001\241\000i}{chapter.4}% 32
\BOOKMARK [2][-]{subsection.4.7.1}{\376\377\000M\000\340\000n\000\040\000c\000h\001\241\000i\000\040\0001\000:\000\040\000C\036\245\000p\000\040\001\021\036\331\000\040\000k\000h\036\337\000i\000\040\001\021\036\331\000n\000g}{section.4.7}% 33
\BOOKMARK [2][-]{subsection.4.7.2}{\376\377\000M\000\340\000n\000\040\000c\000h\001\241\000i\000\040\0002\000:\000\040\000M\000\364\000\040\000p\000h\036\317\000n\000g\000\040\000t\000h\036\361\000c\000\040\000t\036\277\000\040\036\243\000o}{section.4.7}% 34
\BOOKMARK [2][-]{subsection.4.7.3}{\376\377\000M\000\340\000n\000\040\000c\000h\001\241\000i\000\040\0003\000:\000\040\000N\000h\000\340\000\040\000h\000\341\000t}{section.4.7}% 35
\BOOKMARK [2][-]{subsection.4.7.4}{\376\377\000M\000\340\000n\000\040\000c\000h\001\241\000i\000\040\0004\000:\000\040\000N\000h\000\340\000\040\000x\001\260\036\337\000n\000g\000\040\000h\000o\000a\000n\000g\000\040\000p\000h\036\277}{section.4.7}% 36
\BOOKMARK [2][-]{subsection.4.7.5}{\376\377\000M\000\340\000n\000\040\000c\000h\001\241\000i\000\040\0005\000:\000\040\000L\000\365\000i\000\040\000n\001\003\000n\000g\000\040\000l\001\260\036\343\000n\000g}{section.4.7}% 37
\BOOKMARK [1][-]{section.4.8}{\376\377\000G\000i\000a\000o\000\040\000d\000i\036\307\000n\000\040\000n\000g\001\260\036\335\000i\000\040\000d\000\371\000n\000g}{chapter.4}% 38
\BOOKMARK [0][-]{chapter.5}{\376\377\000T\000R\000I\036\302\000N\000\040\000K\000H\000A\000I\000\040\000V\000\300\000\040\001\020\000\301\000N\000H\000\040\000G\000I\000\301\000\040\000H\036\306\000\040\000T\000H\036\320\000N\000G}{}% 39
\BOOKMARK [1][-]{section.5.1}{\376\377\000M\000\364\000i\000\040\000t\000r\001\260\036\335\000n\000g\000\040\000v\000\340\000\040\000c\000\364\000n\000g\000\040\000c\036\345\000\040\000p\000h\000\341\000t\000\040\000t\000r\000i\036\303\000n}{chapter.5}% 40
\BOOKMARK [1][-]{section.5.2}{\376\377\000Y\000\352\000u\000\040\000c\036\247\000u\000\040\000h\036\307\000\040\000t\000h\036\321\000n\000g}{chapter.5}% 41
\BOOKMARK [2][-]{subsection.5.2.1}{\376\377\000C\036\245\000u\000\040\000h\000\354\000n\000h\000\040\000m\000\341\000y\000\040\000t\000r\036\241\000m\000\040\000p\000h\000\341\000t\000\040\000t\000r\000i\036\303\000n}{section.5.2}% 42
\BOOKMARK [2][-]{subsection.5.2.2}{\376\377\000C\036\245\000u\000\040\000h\000\354\000n\000h\000\040\000t\000r\036\243\000i\000\040\000n\000g\000h\000i\036\307\000m\000\040\000t\000r\000\362\000\040\000c\000h\001\241\000i\000\040\000k\000h\000u\000y\036\277\000n\000\040\000n\000g\000h\036\313}{section.5.2}% 43
\BOOKMARK [1][-]{section.5.3}{\376\377\000T\000r\000i\036\303\000n\000\040\000k\000h\000a\000i\000\040\000v\000\340\000\040\000C\000\340\000i\000\040\001\021\036\267\000t\000\040\000t\000r\000\362\000\040\000c\000h\001\241\000i}{chapter.5}% 44
\BOOKMARK [2][-]{subsection.5.3.1}{\376\377\000C\000\341\000c\000h\000\040\000t\000h\036\351\000c\000\040\001\021\000\363\000n\000g\000\040\000g\000\363\000i\000\040\000v\000\340\000\040\000t\000i\036\277\000p\000\040\000c\036\255\000n\000\040\000c\000h\000o\000\040\000n\000g\001\260\036\335\000i\000\040\000c\000h\001\241\000i}{section.5.3}% 45
\BOOKMARK [2][-]{subsection.5.3.2}{\376\377\001\020\036\313\000n\000h\000\040\000h\001\260\036\333\000n\000g\000\040\000c\000h\000i\000a\000\040\000s\036\273\000\040\000m\000\343\000\040\000n\000g\000u\036\323\000n\000\040\000p\000h\000\341\000t\000\040\000t\000r\000i\036\303\000n}{section.5.3}% 46
\BOOKMARK [1][-]{section.5.4}{\376\377\000K\000h\036\243\000\040\000n\001\003\000n\000g\000\040\000m\036\337\000\040\000r\036\331\000n\000g\000\040\000d\036\361\000\040\000\341\000n}{chapter.5}% 47
\BOOKMARK [1][-]{section.5.5}{\376\377\000K\036\277\000t\000\040\000q\000u\036\243\000\040\001\021\036\241\000t\000\040\001\021\001\260\036\343\000c}{chapter.5}% 48
\BOOKMARK [1][-]{section.5.6}{\376\377\000H\000\354\000n\000h\000\040\036\243\000n\000h\000\040\000s\036\243\000n\000\040\000p\000h\036\251\000m}{chapter.5}% 49
\BOOKMARK [0][-]{chapter.6}{\376\377\000C\000\301\000C\000\040\000G\000I\036\242\000I\000\040\000P\000H\000\301\000P\000\040\000V\000\300\000\040\001\020\000\323\000N\000G\000\040\000G\000\323\000P\000\040\000N\036\324\000I\000\040\000B\036\254\000T}{}% 50
\BOOKMARK [1][-]{section.6.1}{\376\377\000T\000\355\000c\000h\000\040\000h\036\343\000p\000\040\000v\000\340\000\040\000t\000\371\000y\000\040\000b\000i\036\277\000n\000\040\000h\036\307\000\040\000t\000h\036\321\000n\000g\000\040\000c\036\325\000n\000g\000\040\000k\000h\000\364\000n\000g\000\040\000g\000i\000a\000n}{chapter.6}% 51
\BOOKMARK [2][-]{subsection.6.1.1}{\376\377\000D\036\253\000n\000\040\000d\036\257\000t\000\040\000v\036\245\000n\000\040\001\021\036\301}{section.6.1}% 52
\BOOKMARK [2][-]{subsection.6.1.2}{\376\377\000P\000h\000\342\000n\000\040\000t\000\355\000c\000h\000\040\000v\000\340\000\040\000l\000\340\000m\000\040\000c\000h\036\347\000\040\000l\000o\000g\000i\000c\000\040\000h\000o\036\241\000t\000\040\001\021\036\331\000n\000g\000\040\000c\036\347\000a\000\040\000B\000P\000\137\000P\000o\000r\000t\000a\000l}{section.6.1}% 53
\BOOKMARK [2][-]{subsection.6.1.3}{\376\377\000T\000h\000i\036\277\000t\000\040\000k\036\277\000\040\000t\000h\000\340\000n\000h\000\040\000p\000h\036\247\000n\000\040\000v\001\151\000\040\000k\000h\000\355\000\040\000v\000\340\000\040\000T\036\321\000i\000\040\001\260\000u\000\040\000h\000\363\000a\000\040\000n\000h\036\255\000p\000\040\000l\000i\036\307\000u}{section.6.1}% 54
\BOOKMARK [2][-]{subsection.6.1.4}{\376\377\000T\000\371\000y\000\040\000b\000i\036\277\000n\000\040\000v\000\340\000\040\000g\000i\036\243\000i\000\040\000q\000u\000y\036\277\000t\000\040\000v\036\245\000n\000\040\001\021\036\301\000\040\000g\000\363\000c\000\040\000n\000h\000\354\000n\000\040\000t\000h\036\351\000\040\000b\000a}{section.6.1}% 55
\BOOKMARK [2][-]{subsection.6.1.5}{\376\377\000T\036\321\000i\000\040\001\260\000u\000\040\000h\000\363\000a\000\040\001\021\036\331\000\040\036\325\000n\000\040\001\021\036\313\000n\000h\000\040\000c\036\347\000a\000\040\000h\036\307\000\040\000t\000h\036\321\000n\000g\000\040\000n\000h\036\255\000p\000\040\000l\000i\036\307\000u}{section.6.1}% 56
\BOOKMARK [2][-]{subsection.6.1.6}{\376\377\000K\000h\036\257\000c\000\040\000p\000h\036\345\000c\000\040\000l\036\327\000i\000\040\000t\001\260\001\241\000n\000g\000\040\000t\000\341\000c\000\040\000v\000\340\000\040\000g\000i\000a\000o\000\040\000d\000i\036\307\000n\000\040\000g\000i\000a\000o\000\040\000t\000i\036\277\000p\000\040\000d\036\357\000\040\000l\000i\036\307\000u}{section.6.1}% 57
\BOOKMARK [1][-]{section.6.2}{\376\377\000K\000i\036\277\000n\000\040\000t\000r\000\372\000c\000\040\000h\036\307\000\040\000t\000h\036\321\000n\000g\000\040\000n\000h\000i\036\307\000m\000\040\000v\036\345\000\040\000m\036\337\000\040\000r\036\331\000n\000g\000\040\000l\000i\000n\000h\000\040\000h\000o\036\241\000t}{chapter.6}% 58
\BOOKMARK [2][-]{subsection.6.2.1}{\376\377\000D\036\253\000n\000\040\000d\036\257\000t\000\040\000v\036\245\000n\000\040\001\021\036\301\000\040\000v\000\340\000\040\000T\001\260\000\040\000d\000u\000y\000\040\000t\000h\000i\036\277\000t\000\040\000k\036\277}{section.6.2}% 59
\BOOKMARK [2][-]{subsection.6.2.2}{\376\377\000X\000\342\000y\000\040\000d\036\361\000n\000g\000\040\000k\000h\036\321\000i\000\040\001\021\000i\036\301\000u\000\040\000p\000h\036\321\000i\000\040\000t\000r\000u\000n\000g\000\040\000t\000\342\000m}{section.6.2}% 60
\BOOKMARK [2][-]{subsection.6.2.3}{\376\377\000T\036\321\000i\000\040\001\260\000u\000\040\000h\000\363\000a\000\040\001\021\000i\036\303\000m\000\040\000c\000h\036\311\000\040\000d\036\253\000n\000\040\000v\000\340\000\040\000v\000\371\000n\000g\000\040\000k\000\355\000c\000h\000\040\000h\000o\036\241\000t}{section.6.2}% 61
\BOOKMARK [2][-]{subsection.6.2.4}{\376\377\000X\036\355\000\040\000l\000\375\000\040\000b\000i\036\307\000t\000\040\000l\036\307\000\040\000g\000i\000a\000o\000\040\000d\000i\036\307\000n\000\040\000v\000\340\000\040\000T\000\355\000c\000h\000\040\000h\036\343\000p\000\040\000c\000h\000u\036\327\000i\000\040\000s\036\361\000\040\000k\000i\036\307\000n}{section.6.2}% 62
\BOOKMARK [1][-]{section.6.3}{\376\377\000T\000h\000i\036\277\000t\000\040\000k\036\277\000\040\000h\036\307\000\040\000t\000h\036\321\000n\000g\000\040\000k\000h\036\337\000i\000\040\000t\036\241\000o\000\040\000k\036\273\000\040\001\021\036\313\000c\000h}{chapter.6}% 63
\BOOKMARK [2][-]{subsection.6.3.1}{\376\377\000D\036\253\000n\000\040\000d\036\257\000t\000\040\000v\036\245\000n\000\040\001\021\036\301}{section.6.3}% 64
\BOOKMARK [2][-]{subsection.6.3.2}{\376\377\000T\000h\000u\036\255\000t\000\040\000t\000o\000\341\000n\000\040\000p\000h\000\342\000n\000\040\000b\036\325\000\040\000v\036\313\000\040\000t\000r\000\355\000\040\000a\000n\000\040\000t\000o\000\340\000n\000\040\000t\000r\000\352\000n\000\040\000l\001\260\036\333\000i\000\040\001\021\000i\036\301\000u\000\040\000h\001\260\036\333\000n\000g}{section.6.3}% 65
\BOOKMARK [2][-]{subsection.6.3.3}{\376\377\000Q\000u\036\243\000n\000\040\000l\000\375\000\040\000t\000r\000a\000n\000g\000\040\000b\036\313\000\040\001\021\036\331\000n\000g\000\040\000q\000u\000a\000\040\000t\000h\000\340\000n\000h\000\040\000p\000h\036\247\000n\000\040\000c\000h\036\351\000c\000\040\000n\001\003\000n\000g}{section.6.3}% 66
\BOOKMARK [2][-]{subsection.6.3.4}{\376\377\000K\000h\036\257\000c\000\040\000p\000h\036\345\000c\000\040\000l\036\327\000i\000\040\001\021\000i\036\301\000u\000\040\000k\000h\000i\036\303\000n\000\040\000t\000r\000\355\000\040\000t\000u\036\307\000\040\000n\000h\000\342\000n\000\040\000t\036\241\000o\000\040\000v\000\340\000\040\000L\000i\000\352\000n\000\040\000k\036\277\000t\000\040\000k\036\313\000c\000h\000\040\000b\036\243\000n}{section.6.3}% 67
\BOOKMARK [0][-]{chapter.7}{\376\377\000K\036\276\000T\000\040\000L\000U\036\254\000N\000\040\000V\000\300\000\040\000H\001\257\036\332\000N\000G\000\040\000P\000H\000\301\000T\000\040\000T\000R\000I\036\302\000N}{}% 68
\BOOKMARK [1][-]{section.7.1}{\376\377\000K\036\277\000t\000\040\000l\000u\036\255\000n}{chapter.7}% 69
\BOOKMARK [1][-]{section.7.2}{\376\377\000H\001\260\036\333\000n\000g\000\040\000p\000h\000\341\000t\000\040\000t\000r\000i\036\303\000n}{chapter.7}% 70
\BOOKMARK [0][-]{section*.26}{\376\377\000T\000\300\000I\000\040\000L\000I\036\306\000U\000\040\000T\000H\000A\000M\000\040\000K\000H\036\242\000O}{}% 71
